Using pre-set license
Built from '2020.3/release' branch; Version is '2020.3.12f1 (b3b2c6512326) revision 11776710'; Using compiler version '192528614'; Build Type 'Release'
OS: 'Windows 10 Pro; OS build 19043.1165; Version 2009; 64bit' Language: 'de' Physical Memory: 16258 MB
BatchMode: 1, IsHumanControllingUs: 0, StartBugReporterOnCrash: 0, Is64bit: 1, IsPro: 0

 COMMAND LINE ARGUMENTS:
C:\Program Files\Unity\Hub\Editor\2020.3.12f1\Editor\Unity.exe
-adb2
-batchMode
-noUpm
-name
AssetImportWorker0
-projectPath
C:/unity-workspace/Pineapple_Dragon_Math_VR
-logFile
Logs/AssetImportWorker0.log
-srvPort
49208
Successfully changed project path to: C:/unity-workspace/Pineapple_Dragon_Math_VR
C:/unity-workspace/Pineapple_Dragon_Math_VR
Using Asset Import Pipeline V2.
Refreshing native plugins compatible for Editor in 73.02 ms, found 9 plugins.
Preloading 0 native plugins for Editor in 0.00 ms.
Initialize engine version: 2020.3.12f1 (b3b2c6512326)
[Subsystems] Discovering subsystems at path C:/Program Files/Unity/Hub/Editor/2020.3.12f1/Editor/Data/Resources/UnitySubsystems
[Subsystems] Discovering subsystems at path C:/unity-workspace/Pineapple_Dragon_Math_VR/Assets
[Subsystems] No descriptors matched for  examples in Assets/MeshingFeaturePlugin/UnitySubsystemsManifest.json.
[Subsystems] No descriptors matched for  inputs in Assets/MeshingFeaturePlugin/UnitySubsystemsManifest.json.
[Subsystems] No descriptors matched for  displays in Assets/MeshingFeaturePlugin/UnitySubsystemsManifest.json.
[Subsystems] 1 'meshings' descriptors matched in Assets/MeshingFeaturePlugin/UnitySubsystemsManifest.json
GfxDevice: creating device client; threaded=0
Direct3D:
    Version:  Direct3D 11.0 [level 11.1]
    Renderer: NVIDIA GeForce RTX 2070 (ID=0x1f50)
    Vendor:   
    VRAM:     8031 MB
    Driver:   30.0.14.7196
Initialize mono
Mono path[0] = 'C:/Program Files/Unity/Hub/Editor/2020.3.12f1/Editor/Data/Managed'
Mono path[1] = 'C:/Program Files/Unity/Hub/Editor/2020.3.12f1/Editor/Data/MonoBleedingEdge/lib/mono/unityjit'
Mono config path = 'C:/Program Files/Unity/Hub/Editor/2020.3.12f1/Editor/Data/MonoBleedingEdge/etc'
Using monoOptions --debugger-agent=transport=dt_socket,embedding=1,server=y,suspend=n,address=127.0.0.1:56816
Begin MonoManager ReloadAssembly
Registering precompiled unity dll's ...
Register platform support module: C:/Program Files/Unity/Hub/Editor/2020.3.12f1/Editor/Data/PlaybackEngines/WebGLSupport/UnityEditor.WebGL.Extensions.dll
Register platform support module: C:/Program Files/Unity/Hub/Editor/2020.3.12f1/Editor/Data/PlaybackEngines/WindowsStandaloneSupport/UnityEditor.WindowsStandalone.Extensions.dll
Registered in 0.001960 seconds.
Native extension for WindowsStandalone target not found
Native extension for WebGL target not found
Refreshing native plugins compatible for Editor in 63.67 ms, found 9 plugins.
Preloading 0 native plugins for Editor in 0.00 ms.
Mono: successfully reloaded assembly
- Completed reload, in  2.156 seconds
Platform modules already initialized, skipping
Registering precompiled user dll's ...
Registered in 0.007884 seconds.
Begin MonoManager ReloadAssembly
Native extension for WindowsStandalone target not found
Native extension for WebGL target not found
Refreshing native plugins compatible for Editor in 64.61 ms, found 9 plugins.
Preloading 0 native plugins for Editor in 0.00 ms.
Mono: successfully reloaded assembly
- Completed reload, in  1.440 seconds
Platform modules already initialized, skipping
========================================================================
Worker process is ready to serve import requests
Shader 'Universal Render Pipeline/Particles/Lit': fallback shader 'Universal Render Pipeline/Particles/SimpleLit' not found
Shader 'Universal Render Pipeline/Particles/Lit': fallback shader 'Universal Render Pipeline/Particles/SimpleLit' not found
Launched and connected shader compiler UnityShaderCompiler.exe after 0.03 seconds
Refreshing native plugins compatible for Editor in 0.83 ms, found 9 plugins.
Preloading 0 native plugins for Editor in 0.00 ms.
Unloading 3751 Unused Serialized files (Serialized files now loaded: 0)
System memory in use before: 172.6 MB.
System memory in use after: 169.9 MB.

Unloading 194 unused Assets to reduce memory usage. Loaded Objects now: 4200.
Total: 4.186700 ms (FindLiveObjects: 0.290800 ms CreateObjectMapping: 0.163900 ms MarkObjects: 2.521900 ms  DeleteObjects: 1.209200 ms)

AssetImportParameters requested are different than current active one (requested -> active):
  custom:framework-win-MediaFoundation: 216162199b28c13a410421893ffa2e32 -> 
  custom:video-decoder-ogg-theora: a1e56fd34408186e4bbccfd4996cb3dc -> 
  custom:container-muxer-webm: aa71ff27fc2769a1b78a27578f13a17b -> 
  custom:container-demuxer-webm: 4f35f7cbe854078d1ac9338744f61a02 -> 
  custom:container-demuxer-ogg: 62fdf1f143b41e24485cea50d1cbac27 -> 
  custom:video-encoder-webm-vp8: eb34c28f22e8b96e1ab97ce403110664 -> 
  custom:video-decoder-webm-vp8: 9c59270c3fd7afecdb556c50c9e8de78 -> 
  custom:audio-decoder-ogg-vorbis: bf7c407c2cedff20999df2af8eb42d56 -> 
  custom:audio-encoder-webm-vorbis: bf7c407c2cedff20999df2af8eb42d56 -> 
========================================================================
Received Import Request.
  path: Assets/Asset_Packs/Java - Low Poly Islands/Contents/Prefabs/Vegetation/Banana.prefab
  artifactKey: Guid(46ea01b8b244a6d4ab274aefd362fe82) Importer(815301076,1909f56bfc062723c751e8b465ee728b)
Start importing Assets/Asset_Packs/Java - Low Poly Islands/Contents/Prefabs/Vegetation/Banana.prefab using Guid(46ea01b8b244a6d4ab274aefd362fe82) Importer(815301076,1909f56bfc062723c751e8b465ee728b)  -> (artifact id: '4f3ff3662820439f54b55c8542cea1f6') in 0.181140 seconds 
  Import took 0.186598 seconds .

========================================================================
Received Import Request.
  Time since last request: 0.000269 seconds.
  path: Assets/XR/XRGeneralSettings.asset
  artifactKey: Guid(2022193aa49eff847b3f4c7e1ae4a597) Importer(815301076,1909f56bfc062723c751e8b465ee728b)
Start importing Assets/XR/XRGeneralSettings.asset using Guid(2022193aa49eff847b3f4c7e1ae4a597) Importer(815301076,1909f56bfc062723c751e8b465ee728b) [XR] Error loading subsystem: Display (1) (header mismatch?)
 -> (artifact id: 'a713fe540f70e86b415d9baf01010e0a') in 0.014594 seconds 
  Import took 0.019492 seconds .

========================================================================
Received Import Request.
  Time since last request: 0.000251 seconds.
  path: Assets/Asset_Packs/Java - Low Poly Islands/Contents/Mesh/Extra Props.fbx
  artifactKey: Guid(198701a1a18074d4bb66e96714e7d272) Importer(815301076,1909f56bfc062723c751e8b465ee728b)
Start importing Assets/Asset_Packs/Java - Low Poly Islands/Contents/Mesh/Extra Props.fbx using Guid(198701a1a18074d4bb66e96714e7d272) Importer(815301076,1909f56bfc062723c751e8b465ee728b)  -> (artifact id: '18c397f7a33bc724e96496c739f56f6a') in 0.127904 seconds 
  Import took 0.133264 seconds .

========================================================================
Received Import Request.
  Time since last request: 42.162835 seconds.
  path: Assets/Asset_Packs/Java - Low Poly Islands/Contents/Prefabs/Vegetation/Pineapple.prefab
  artifactKey: Guid(84d0bb3223334154e9204c7e5cb3851f) Importer(815301076,1909f56bfc062723c751e8b465ee728b)
Start importing Assets/Asset_Packs/Java - Low Poly Islands/Contents/Prefabs/Vegetation/Pineapple.prefab using Guid(84d0bb3223334154e9204c7e5cb3851f) Importer(815301076,1909f56bfc062723c751e8b465ee728b)  -> (artifact id: '6e89989fa96fca091559fed3df403e84') in 0.018310 seconds 
  Import took 0.024856 seconds .

========================================================================
Received Import Request.
  Time since last request: 0.000270 seconds.
  path: Assets/Asset_Packs/Low Poly Fruits/Assets/Pineapple_Slice_02.fbx
  artifactKey: Guid(768b840ddd985a444bbba62685e86216) Importer(815301076,1909f56bfc062723c751e8b465ee728b)
Start importing Assets/Asset_Packs/Low Poly Fruits/Assets/Pineapple_Slice_02.fbx using Guid(768b840ddd985a444bbba62685e86216) Importer(815301076,1909f56bfc062723c751e8b465ee728b)  -> (artifact id: '3ed92fe165dad35db646232d95680cfb') in 0.016788 seconds 
  Import took 0.022392 seconds .

========================================================================
Received Import Request.
  Time since last request: 0.000262 seconds.
  path: Assets/Asset_Packs/Low Poly Fruits/Assets/Pineapple_Half.fbx
  artifactKey: Guid(f96a245810396c44ca22853c4b66b73b) Importer(815301076,1909f56bfc062723c751e8b465ee728b)
Start importing Assets/Asset_Packs/Low Poly Fruits/Assets/Pineapple_Half.fbx using Guid(f96a245810396c44ca22853c4b66b73b) Importer(815301076,1909f56bfc062723c751e8b465ee728b)  -> (artifact id: '4a01a61adbf49601d978d1d927d69b2f') in 0.023085 seconds 
  Import took 0.028174 seconds .

========================================================================
Received Import Request.
  Time since last request: 0.000264 seconds.
  path: Assets/Asset_Packs/Java - Low Poly Islands/Contents/Prefabs/Vegetation/Pineapple.prefab
  artifactKey: Guid(84d0bb3223334154e9204c7e5cb3851f) Importer(815301076,1909f56bfc062723c751e8b465ee728b)
Start importing Assets/Asset_Packs/Java - Low Poly Islands/Contents/Prefabs/Vegetation/Pineapple.prefab using Guid(84d0bb3223334154e9204c7e5cb3851f) Importer(815301076,1909f56bfc062723c751e8b465ee728b)  -> (artifact id: '6e89989fa96fca091559fed3df403e84') in 0.006074 seconds 
  Import took 0.011111 seconds .

========================================================================
Received Import Request.
  Time since last request: 0.000267 seconds.
  path: Assets/Asset_Packs/Low Poly Fruits/Assets/Pineapple_Slice_01.fbx
  artifactKey: Guid(41a447debfa009948bc096890305c91e) Importer(815301076,1909f56bfc062723c751e8b465ee728b)
Start importing Assets/Asset_Packs/Low Poly Fruits/Assets/Pineapple_Slice_01.fbx using Guid(41a447debfa009948bc096890305c91e) Importer(815301076,1909f56bfc062723c751e8b465ee728b)  -> (artifact id: '91f834fc71c8a6dbf9b329c5bed8bcb4') in 0.012143 seconds 
  Import took 0.017183 seconds .

========================================================================
Received Prepare
Shader 'Universal Render Pipeline/Particles/Lit': fallback shader 'Universal Render Pipeline/Particles/SimpleLit' not found
Shader 'Universal Render Pipeline/Particles/Lit': fallback shader 'Universal Render Pipeline/Particles/SimpleLit' not found
Refreshing native plugins compatible for Editor in 8.92 ms, found 9 plugins.
Preloading 0 native plugins for Editor in 0.00 ms.
Unloading 67 Unused Serialized files (Serialized files now loaded: 0)
System memory in use before: 95.7 MB.
System memory in use after: 93.2 MB.

Unloading 67 unused Assets to reduce memory usage. Loaded Objects now: 4274.
Total: 4.397700 ms (FindLiveObjects: 0.326300 ms CreateObjectMapping: 0.173900 ms MarkObjects: 2.718300 ms  DeleteObjects: 1.178300 ms)

AssetImportParameters requested are different than current active one (requested -> active):
  custom:framework-win-MediaFoundation: 216162199b28c13a410421893ffa2e32 -> 
  custom:video-decoder-ogg-theora: a1e56fd34408186e4bbccfd4996cb3dc -> 
  custom:container-muxer-webm: aa71ff27fc2769a1b78a27578f13a17b -> 
  custom:container-demuxer-webm: 4f35f7cbe854078d1ac9338744f61a02 -> 
  custom:container-demuxer-ogg: 62fdf1f143b41e24485cea50d1cbac27 -> 
  custom:video-encoder-webm-vp8: eb34c28f22e8b96e1ab97ce403110664 -> 
  custom:video-decoder-webm-vp8: 9c59270c3fd7afecdb556c50c9e8de78 -> 
  custom:audio-decoder-ogg-vorbis: bf7c407c2cedff20999df2af8eb42d56 -> 
  custom:audio-encoder-webm-vorbis: bf7c407c2cedff20999df2af8eb42d56 -> 
========================================================================
Received Import Request.
  Time since last request: 39.022655 seconds.
  path: Assets/Asset_Packs/Low Poly Fruits/Prefabs/Pineapple.prefab
  artifactKey: Guid(4a0080b1a21dd0a4b8612c3f4df01035) Importer(815301076,1909f56bfc062723c751e8b465ee728b)
Start importing Assets/Asset_Packs/Low Poly Fruits/Prefabs/Pineapple.prefab using Guid(4a0080b1a21dd0a4b8612c3f4df01035) Importer(815301076,1909f56bfc062723c751e8b465ee728b)  -> (artifact id: '1fc67b7ead58c2c3ac5d4b2615556b7f') in 0.045754 seconds 
  Import took 0.050872 seconds .

========================================================================
Received Import Request.
  Time since last request: 4.017852 seconds.
  path: Assets/Asset_Packs/Low Poly Fruits/Prefabs/Pineapple.prefab
  artifactKey: Guid(4a0080b1a21dd0a4b8612c3f4df01035) Importer(815301076,1909f56bfc062723c751e8b465ee728b)
Start importing Assets/Asset_Packs/Low Poly Fruits/Prefabs/Pineapple.prefab using Guid(4a0080b1a21dd0a4b8612c3f4df01035) Importer(815301076,1909f56bfc062723c751e8b465ee728b)  -> (artifact id: '4810df592fd2f47b0602a59dbca93b04') in 0.007589 seconds 
  Import took 0.013176 seconds .

========================================================================
Received Import Request.
  Time since last request: 0.017407 seconds.
  path: Assets/Asset_Packs/Low Poly Fruits/Prefabs/Pineapple.prefab
  artifactKey: Guid(4a0080b1a21dd0a4b8612c3f4df01035) Importer(815301076,1909f56bfc062723c751e8b465ee728b)
Start importing Assets/Asset_Packs/Low Poly Fruits/Prefabs/Pineapple.prefab using Guid(4a0080b1a21dd0a4b8612c3f4df01035) Importer(815301076,1909f56bfc062723c751e8b465ee728b)  -> (artifact id: '4810df592fd2f47b0602a59dbca93b04') in 0.008278 seconds 
  Import took 0.014048 seconds .

